2017-05-24 22:10:54,439 - Log4JLogChute initialized using file 'velocity.log'
2017-05-24 22:10:54,440 - Velocity was not initialized! Calling init()...
2017-05-24 22:10:54,440 - Starting Apache Velocity v1.5 (compiled: 2007-02-22 08:52:29)
2017-05-24 22:10:54,440 - Default Properties File: org/apache/velocity/runtime/defaults/velocity.properties
2017-05-24 22:10:54,440 - Trying to use logger class org.apache.velocity.runtime.log.AvalonLogChute
2017-05-24 22:10:54,440 - Couldn't find class org.apache.velocity.runtime.log.AvalonLogChute or necessary supporting classes in classpath.
java.lang.NoClassDefFoundError: org/apache/log/format/Formatter
	at java.lang.Class.forName0(Native Method)
	at java.lang.Class.forName(Class.java:348)
	at org.apache.velocity.util.ClassUtils.getClass(ClassUtils.java:63)
	at org.apache.velocity.util.ClassUtils.getNewInstance(ClassUtils.java:95)
	at org.apache.velocity.runtime.log.LogManager.createLogChute(LogManager.java:147)
	at org.apache.velocity.runtime.log.LogManager.updateLog(LogManager.java:208)
	at org.apache.velocity.runtime.RuntimeInstance.initializeLog(RuntimeInstance.java:728)
	at org.apache.velocity.runtime.RuntimeInstance.init(RuntimeInstance.java:240)
	at org.apache.velocity.runtime.RuntimeInstance.parse(RuntimeInstance.java:993)
	at org.apache.velocity.runtime.RuntimeInstance.parse(RuntimeInstance.java:972)
	at org.apache.velocity.runtime.RuntimeSingleton.parse(RuntimeSingleton.java:265)
	at org.apache.velocity.app.Velocity.evaluate(Velocity.java:274)
	at org.sonatype.mavenbook.ch04.weather.WeatherFormatter.format(WeatherFormatter.java:30)
	at org.sonatype.mavenbook.ch04.weather.Main.start(Main.java:47)
	at org.sonatype.mavenbook.ch04.weather.Main.main(Main.java:23)
	at sun.reflect.NativeMethodAccessorImpl.invoke0(Native Method)
	at sun.reflect.NativeMethodAccessorImpl.invoke(NativeMethodAccessorImpl.java:62)
	at sun.reflect.DelegatingMethodAccessorImpl.invoke(DelegatingMethodAccessorImpl.java:43)
	at java.lang.reflect.Method.invoke(Method.java:498)
	at org.codehaus.mojo.exec.ExecJavaMojo$1.run(ExecJavaMojo.java:282)
	at java.lang.Thread.run(Thread.java:745)
Caused by: java.lang.ClassNotFoundException: org.apache.log.format.Formatter
	at java.net.URLClassLoader.findClass(URLClassLoader.java:381)
	at java.lang.ClassLoader.loadClass(ClassLoader.java:424)
	at java.lang.ClassLoader.loadClass(ClassLoader.java:357)
	... 21 more
2017-05-24 22:10:54,441 - Trying to use logger class org.apache.velocity.runtime.log.Log4JLogChute
2017-05-24 22:10:54,441 - Using logger class org.apache.velocity.runtime.log.Log4JLogChute
2017-05-24 22:10:54,442 - Default ResourceManager initializing. (class org.apache.velocity.runtime.resource.ResourceManagerImpl)
2017-05-24 22:10:54,444 - ResourceLoader instantiated: org.apache.velocity.runtime.resource.loader.FileResourceLoader
2017-05-24 22:10:54,444 - Do unicode file recognition:  false
2017-05-24 22:10:54,444 - FileResourceLoader : adding path '.'
2017-05-24 22:10:54,451 - ResourceCache: initialized (class org.apache.velocity.runtime.resource.ResourceCacheImpl)
2017-05-24 22:10:54,451 - Loaded System Directive: org.apache.velocity.runtime.directive.Literal
2017-05-24 22:10:54,452 - Loaded System Directive: org.apache.velocity.runtime.directive.Macro
2017-05-24 22:10:54,453 - Loaded System Directive: org.apache.velocity.runtime.directive.Parse
2017-05-24 22:10:54,453 - Loaded System Directive: org.apache.velocity.runtime.directive.Include
2017-05-24 22:10:54,454 - Loaded System Directive: org.apache.velocity.runtime.directive.Foreach
2017-05-24 22:10:54,466 - Created '20' parsers.
2017-05-24 22:10:54,468 - Velocimacro : "velocimacro.library" is not set.  Trying default library: VM_global_library.vm
2017-05-24 22:10:54,469 - Velocimacro : Default library not found.
2017-05-24 22:10:54,469 - Velocimacro : allowInline = true : VMs can be defined inline in templates
2017-05-24 22:10:54,469 - Velocimacro : allowInlineToOverride = false : VMs defined inline may NOT replace previous VM definitions
2017-05-24 22:10:54,469 - Velocimacro : allowInlineLocal = false : VMs defined inline will be global in scope if allowed.
2017-05-24 22:10:54,469 - Velocimacro : autoload off : VM system will not automatically reload global library macros
